<?xml version="1.0" encoding="UTF-8"?>
<!-- Generated by org.testng.reporters.JUnitReportReporter -->
<testsuite hostname="TelmoAsusG513" failures="0" tests="2" name="com.mystore.testcases.IndexPageTest" time="10.477" errors="0" timestamp="2024-09-02T17:57:02 BST" skipped="0">
  <testcase classname="com.mystore.testcases.IndexPageTest" name="verifyLogo" time="6.036"/>
  <system-out/>
  <testcase classname="com.mystore.testcases.IndexPageTest" name="verifyTitle" time="4.441"/>
  <system-out/>
</testsuite> <!-- com.mystore.testcases.IndexPageTest -->
