<?xml version="1.0" encoding="UTF-8"?>
<!-- Generated by org.testng.reporters.JUnitReportReporter -->
<testsuite hostname="TelmoAsusG513" failures="0" tests="4" name="com.mystore.testcases.IndexPageTest" time="19.758" errors="0" timestamp="2024-09-02T17:24:56 BST" skipped="0">
  <testcase classname="com.mystore.testcases.IndexPageTest" name="verifyTitle" time="3.790"/>
  <system-out/>
  <testcase classname="com.mystore.testcases.IndexPageTest" name="verifyTitle" time="3.488"/>
  <system-out/>
  <testcase classname="com.mystore.testcases.IndexPageTest" name="verifyLogo" time="6.238"/>
  <system-out/>
  <testcase classname="com.mystore.testcases.IndexPageTest" name="verifyLogo" time="6.242"/>
  <system-out/>
</testsuite> <!-- com.mystore.testcases.IndexPageTest -->
